Unity Editor version:    2022.3.30f1 (70558241b701)
Branch:                  2022.3/staging
Build type:              Release
Batch mode:              YES
System name:             Linux
Distro version:          #18~24.04.1-Ubuntu SMP Mon Nov 24 19:46:27 UTC 2025
Kernel version:          6.14.0-1018-aws
Architecture:            x86_64
Available memory:        7780 MB
[Licensing::Module] Trying to connect to existing licensing client channel...
[Licensing::IpcConnector] Successfully connected to the License Client on channel: "LicenseClient-ubuntu" at "2026-02-12T16:50:31.886502Z"
[SignatureVerifier] Application signature verification not supported on this platform.
[Licensing::Client] Handshaking with LicensingClient:
  Version:                 1.17.4+4293ba1
  Session Id:              55691b2d3b584ef9b6f58370c05a05ff
  Correlation Id:          04b136711b706f6e6297735679a9ce8e
  External correlation Id: 4567526381430542573
  Machine Id:              8BF7c82BShNNvZGhBrzQb8ieKsw=
[Licensing::Module] Successfully connected to LicensingClient on channel: "LicenseClient-ubuntu" (connect: 0.00s, validation: 0.01s, handshake: 0.00s)
[Licensing::IpcConnector] Successfully connected to the License Notification on channel: "LicenseClient-ubuntu-notifications" at "2026-02-12T16:50:31.900155Z"
[Licensing::Module] Error: Access token is unavailable; failed to update
[Licensing::Client] Successfully updated license
[Licensing::Client] Successfully resolved entitlements
[Licensing::Module] Serial number assigned to: "9072348161405-UnityPersXXXX"
Pro License: NO
Initialize udev device monitor.

COMMAND LINE ARGUMENTS:
/opt/unity/2022.3.30f1/Unity
-batchmode
-nographics
-quit
-projectPath
/home/ubuntu/workspace/attacke
-logFile
/home/ubuntu/workspace/attacke/reports/unity_gate_latest.log
Successfully changed project path to: /home/ubuntu/workspace/attacke
/home/ubuntu/workspace/attacke
[UnityMemory] Configuration Parameters - Can be set up in boot.config
    "memorysetup-bucket-allocator-granularity=16"
    "memorysetup-bucket-allocator-bucket-count=8"
    "memorysetup-bucket-allocator-block-size=33554432"
    "memorysetup-bucket-allocator-block-count=8"
    "memorysetup-main-allocator-block-size=16777216"
    "memorysetup-thread-allocator-block-size=16777216"
    "memorysetup-gfx-main-allocator-block-size=16777216"
    "memorysetup-gfx-thread-allocator-block-size=16777216"
    "memorysetup-cache-allocator-block-size=4194304"
    "memorysetup-typetree-allocator-block-size=2097152"
    "memorysetup-profiler-bucket-allocator-granularity=16"
    "memorysetup-profiler-bucket-allocator-bucket-count=8"
    "memorysetup-profiler-bucket-allocator-block-size=33554432"
    "memorysetup-profiler-bucket-allocator-block-count=8"
    "memorysetup-profiler-allocator-block-size=16777216"
    "memorysetup-profiler-editor-allocator-block-size=1048576"
    "memorysetup-temp-allocator-size-main=16777216"
    "memorysetup-job-temp-allocator-block-size=2097152"
    "memorysetup-job-temp-allocator-block-size-background=1048576"
    "memorysetup-job-temp-allocator-reduction-small-platforms=262144"
    "memorysetup-allocator-temp-initial-block-size-main=262144"
    "memorysetup-allocator-temp-initial-block-size-worker=262144"
    "memorysetup-temp-allocator-size-background-worker=32768"
    "memorysetup-temp-allocator-size-job-worker=262144"
    "memorysetup-temp-allocator-size-preload-manager=33554432"
    "memorysetup-temp-allocator-size-nav-mesh-worker=65536"
    "memorysetup-temp-allocator-size-audio-worker=65536"
    "memorysetup-temp-allocator-size-cloud-worker=32768"
    "memorysetup-temp-allocator-size-gi-baking-worker=262144"
    "memorysetup-temp-allocator-size-gfx=262144"
Player connection [131073513501696] Host "[IP] 172.31.26.83 [Port] 55504 [Flags] 2 [Guid] 1071953507 [EditorId] 1071953507 [Version] 1048832 [Id] LinuxEditor(16,172.31.26.83) [Debug] 1 [PackageName] LinuxEditor [ProjectName] Editor" joined multi-casting on [225.0.0.222:54997]...

Player connection [131073513501696] Host "[IP] 172.31.26.83 [Port] 55504 [Flags] 2 [Guid] 1071953507 [EditorId] 1071953507 [Version] 1048832 [Id] LinuxEditor(16,172.31.26.83) [Debug] 1 [PackageName] LinuxEditor [ProjectName] Editor" joined alternative multi-casting on [225.0.0.222:34997]...

[Physics::Module] Initialized MultithreadedJobDispatcher with 1 workers.
Error opening a HTTP REST server port between 38000 and 38100
[Package Manager] UpmClient::Connect -- Connected to IPC stream "Upm-48554" after 0.5 seconds.
[Licensing::Client] Successfully resolved entitlements
[Package Manager] Restoring resolved packages state from cache
[Licensing::Client] Successfully resolved entitlement details
[Package Manager] Registered 54 packages:
  Packages from [https://packages.unity.com]:
    com.unity.collab-proxy@2.11.3 (location: /home/ubuntu/workspace/attacke/Library/PackageCache/com.unity.collab-proxy@2.11.3)
    com.unity.ide.rider@3.0.28 (location: /home/ubuntu/workspace/attacke/Library/PackageCache/com.unity.ide.rider@3.0.28)
    com.unity.ide.visualstudio@2.0.22 (location: /home/ubuntu/workspace/attacke/Library/PackageCache/com.unity.ide.visualstudio@2.0.22)
    com.unity.test-framework@1.1.33 (location: /home/ubuntu/workspace/attacke/Library/PackageCache/com.unity.test-framework@1.1.33)
    com.unity.textmeshpro@3.0.6 (location: /home/ubuntu/workspace/attacke/Library/PackageCache/com.unity.textmeshpro@3.0.6)
    com.unity.timeline@1.7.6 (location: /home/ubuntu/workspace/attacke/Library/PackageCache/com.unity.timeline@1.7.6)
    com.unity.visualscripting@1.9.4 (location: /home/ubuntu/workspace/attacke/Library/PackageCache/com.unity.visualscripting@1.9.4)
    com.unity.ext.nunit@1.0.6 (location: /home/ubuntu/workspace/attacke/Library/PackageCache/com.unity.ext.nunit@1.0.6)
    com.unity.2d.animation@9.1.0 (location: /home/ubuntu/workspace/attacke/Library/PackageCache/com.unity.2d.animation@9.1.0)
    com.unity.2d.pixel-perfect@5.0.3 (location: /home/ubuntu/workspace/attacke/Library/PackageCache/com.unity.2d.pixel-perfect@5.0.3)
    com.unity.2d.psdimporter@8.0.4 (location: /home/ubuntu/workspace/attacke/Library/PackageCache/com.unity.2d.psdimporter@8.0.4)
    com.unity.2d.spriteshape@9.0.2 (location: /home/ubuntu/workspace/attacke/Library/PackageCache/com.unity.2d.spriteshape@9.0.2)
    com.unity.2d.tilemap.extras@3.1.2 (location: /home/ubuntu/workspace/attacke/Library/PackageCache/com.unity.2d.tilemap.extras@3.1.2)
    com.unity.2d.aseprite@1.1.3 (location: /home/ubuntu/workspace/attacke/Library/PackageCache/com.unity.2d.aseprite@1.1.3)
    com.unity.2d.common@8.0.2 (location: /home/ubuntu/workspace/attacke/Library/PackageCache/com.unity.2d.common@8.0.2)
    com.unity.mathematics@1.2.6 (location: /home/ubuntu/workspace/attacke/Library/PackageCache/com.unity.mathematics@1.2.6)
    com.unity.collections@1.2.4 (location: /home/ubuntu/workspace/attacke/Library/PackageCache/com.unity.collections@1.2.4)
    com.unity.burst@1.8.13 (location: /home/ubuntu/workspace/attacke/Library/PackageCache/com.unity.burst@1.8.13)
  Built-in packages:
    com.unity.feature.2d@2.0.0 (location: /home/ubuntu/workspace/attacke/Library/PackageCache/com.unity.feature.2d@2.0.0)
    com.unity.ugui@1.0.0 (location: /home/ubuntu/workspace/attacke/Library/PackageCache/com.unity.ugui@1.0.0)
    com.unity.modules.ai@1.0.0 (location: /home/ubuntu/workspace/attacke/Library/PackageCache/com.unity.modules.ai@1.0.0)
    com.unity.modules.androidjni@1.0.0 (location: /home/ubuntu/workspace/attacke/Library/PackageCache/com.unity.modules.androidjni@1.0.0)
    com.unity.modules.animation@1.0.0 (location: /home/ubuntu/workspace/attacke/Library/PackageCache/com.unity.modules.animation@1.0.0)
    com.unity.modules.assetbundle@1.0.0 (location: /home/ubuntu/workspace/attacke/Library/PackageCache/com.unity.modules.assetbundle@1.0.0)
    com.unity.modules.audio@1.0.0 (location: /home/ubuntu/workspace/attacke/Library/PackageCache/com.unity.modules.audio@1.0.0)
    com.unity.modules.cloth@1.0.0 (location: /home/ubuntu/workspace/attacke/Library/PackageCache/com.unity.modules.cloth@1.0.0)
    com.unity.modules.director@1.0.0 (location: /home/ubuntu/workspace/attacke/Library/PackageCache/com.unity.modules.director@1.0.0)
    com.unity.modules.imageconversion@1.0.0 (location: /home/ubuntu/workspace/attacke/Library/PackageCache/com.unity.modules.imageconversion@1.0.0)
    com.unity.modules.imgui@1.0.0 (location: /home/ubuntu/workspace/attacke/Library/PackageCache/com.unity.modules.imgui@1.0.0)
    com.unity.modules.jsonserialize@1.0.0 (location: /home/ubuntu/workspace/attacke/Library/PackageCache/com.unity.modules.jsonserialize@1.0.0)
    com.unity.modules.particlesystem@1.0.0 (location: /home/ubuntu/workspace/attacke/Library/PackageCache/com.unity.modules.particlesystem@1.0.0)
    com.unity.modules.physics@1.0.0 (location: /home/ubuntu/workspace/attacke/Library/PackageCache/com.unity.modules.physics@1.0.0)
    com.unity.modules.physics2d@1.0.0 (location: /home/ubuntu/workspace/attacke/Library/PackageCache/com.unity.modules.physics2d@1.0.0)
    com.unity.modules.screencapture@1.0.0 (location: /home/ubuntu/workspace/attacke/Library/PackageCache/com.unity.modules.screencapture@1.0.0)
    com.unity.modules.terrain@1.0.0 (location: /home/ubuntu/workspace/attacke/Library/PackageCache/com.unity.modules.terrain@1.0.0)
    com.unity.modules.terrainphysics@1.0.0 (location: /home/ubuntu/workspace/attacke/Library/PackageCache/com.unity.modules.terrainphysics@1.0.0)
    com.unity.modules.tilemap@1.0.0 (location: /home/ubuntu/workspace/attacke/Library/PackageCache/com.unity.modules.tilemap@1.0.0)
    com.unity.modules.ui@1.0.0 (location: /home/ubuntu/workspace/attacke/Library/PackageCache/com.unity.modules.ui@1.0.0)
    com.unity.modules.uielements@1.0.0 (location: /home/ubuntu/workspace/attacke/Library/PackageCache/com.unity.modules.uielements@1.0.0)
    com.unity.modules.umbra@1.0.0 (location: /home/ubuntu/workspace/attacke/Library/PackageCache/com.unity.modules.umbra@1.0.0)
    com.unity.modules.unityanalytics@1.0.0 (location: /home/ubuntu/workspace/attacke/Library/PackageCache/com.unity.modules.unityanalytics@1.0.0)
    com.unity.modules.unitywebrequest@1.0.0 (location: /home/ubuntu/workspace/attacke/Library/PackageCache/com.unity.modules.unitywebrequest@1.0.0)
    com.unity.modules.unitywebrequestassetbundle@1.0.0 (location: /home/ubuntu/workspace/attacke/Library/PackageCache/com.unity.modules.unitywebrequestassetbundle@1.0.0)
    com.unity.modules.unitywebrequestaudio@1.0.0 (location: /home/ubuntu/workspace/attacke/Library/PackageCache/com.unity.modules.unitywebrequestaudio@1.0.0)
    com.unity.modules.unitywebrequesttexture@1.0.0 (location: /home/ubuntu/workspace/attacke/Library/PackageCache/com.unity.modules.unitywebrequesttexture@1.0.0)
    com.unity.modules.unitywebrequestwww@1.0.0 (location: /home/ubuntu/workspace/attacke/Library/PackageCache/com.unity.modules.unitywebrequestwww@1.0.0)
    com.unity.modules.vehicles@1.0.0 (location: /home/ubuntu/workspace/attacke/Library/PackageCache/com.unity.modules.vehicles@1.0.0)
    com.unity.modules.video@1.0.0 (location: /home/ubuntu/workspace/attacke/Library/PackageCache/com.unity.modules.video@1.0.0)
    com.unity.modules.vr@1.0.0 (location: /home/ubuntu/workspace/attacke/Library/PackageCache/com.unity.modules.vr@1.0.0)
    com.unity.modules.wind@1.0.0 (location: /home/ubuntu/workspace/attacke/Library/PackageCache/com.unity.modules.wind@1.0.0)
    com.unity.modules.xr@1.0.0 (location: /home/ubuntu/workspace/attacke/Library/PackageCache/com.unity.modules.xr@1.0.0)
    com.unity.modules.subsystems@1.0.0 (location: /home/ubuntu/workspace/attacke/Library/PackageCache/com.unity.modules.subsystems@1.0.0)
    com.unity.2d.sprite@1.0.0 (location: /home/ubuntu/workspace/attacke/Library/PackageCache/com.unity.2d.sprite@1.0.0)
    com.unity.2d.tilemap@1.0.0 (location: /home/ubuntu/workspace/attacke/Library/PackageCache/com.unity.2d.tilemap@1.0.0)
[Subsystems] No new subsystems found in resolved package list.
Package Manager log level set to [2]
[Package Manager] Done registering packages in 0.03 seconds
Refreshing native plugins compatible for Editor in 3.53 ms, found 1 plugins.
Preloading 0 native plugins for Editor in 0.00 ms.
Initialize engine version: 2022.3.30f1 (70558241b701)
[Subsystems] Discovering subsystems at path /opt/unity/2022.3.30f1/Data/Resources/UnitySubsystems
[Subsystems] Discovering subsystems at path /home/ubuntu/workspace/attacke/Assets
Forcing GfxDevice: Null
GfxDevice: creating device client; threaded=0; jobified=0
NullGfxDevice:
    Version:  NULL 1.0 [1.0]
    Renderer: Null Device
    Vendor:   Unity Technologies
[Licensing::Client] Successfully resolved entitlements
Initialize mono
Mono path[0] = '/opt/unity/2022.3.30f1/Data/Managed'
Mono path[1] = '/opt/unity/2022.3.30f1/Data/MonoBleedingEdge/lib/mono/unityjit-linux'
Mono config path = '/opt/unity/2022.3.30f1/Data/MonoBleedingEdge/etc'
Using monoOptions --debugger-agent=transport=dt_socket,embedding=1,server=y,suspend=n,address=127.0.0.1:56554
Using cacheserver namespaces - metadata:defaultmetadata, artifacts:defaultartifacts
Using cacheserver namespaces - metadata:defaultmetadata, artifacts:defaultartifacts
ImportWorker Server TCP listen port: 0
Begin MonoManager ReloadAssembly
Registering precompiled unity dll's ...
[Licensing::Client] Successfully resolved entitlements
Register platform support module: /opt/unity/2022.3.30f1/Data/PlaybackEngines/AndroidPlayer/UnityEditor.Android.Extensions.dll
Register platform support module: /opt/unity/2022.3.30f1/Data/PlaybackEngines/LinuxStandaloneSupport/UnityEditor.LinuxStandalone.Extensions.dll
Registered in 0.014467 seconds.
- Loaded All Assemblies, in  0.430 seconds
Native extension for LinuxStandalone target not found
Native extension for Android target not found
Mono: successfully reloaded assembly
- Finished resetting the current domain, in  0.427 seconds
Domain Reload Profiling: 858ms
	BeginReloadAssembly (87ms)
		ExecutionOrderSort (0ms)
		DisableScriptedObjects (0ms)
		BackupInstance (0ms)
		ReleaseScriptingObjects (0ms)
		CreateAndSetChildDomain (1ms)
	RebuildCommonClasses (44ms)
	RebuildNativeTypeToScriptingClass (9ms)
	initialDomainReloadingComplete (86ms)
	LoadAllAssembliesAndSetupDomain (203ms)
		LoadAssemblies (87ms)
		RebuildTransferFunctionScriptingTraits (0ms)
		AnalyzeDomain (201ms)
			TypeCache.Refresh (199ms)
				TypeCache.ScanAssembly (182ms)
			ScanForSourceGeneratedMonoScriptInfo (0ms)
			ResolveRequiredComponents (1ms)
	FinalizeReload (428ms)
		ReleaseScriptCaches (0ms)
		RebuildScriptCaches (0ms)
		SetupLoadedEditorAssemblies (352ms)
			LogAssemblyErrors (0ms)
			InitializePlatformSupportModulesInManaged (103ms)
			SetLoadedEditorAssemblies (6ms)
			RefreshPlugins (0ms)
			BeforeProcessingInitializeOnLoad (2ms)
			ProcessInitializeOnLoadAttributes (183ms)
			ProcessInitializeOnLoadMethodAttributes (58ms)
			AfterProcessingInitializeOnLoad (0ms)
			EditorAssembliesLoaded (0ms)
		ExecutionOrderSort2 (0ms)
		AwakeInstancesAfterBackupRestoration (0ms)
[Licensing::Client] Successfully resolved entitlements
Application.AssetDatabase Initial Refresh Start
[40m[32minfo[39m[22m[49m: Microsoft.Hosting.Lifetime[14]
      Now listening on: http://unix:/tmp/ilpp.sock-71eec7e55a985f5ba12cd08dd0730fcd
[40m[32minfo[39m[22m[49m: Microsoft.Hosting.Lifetime[0]
      Application started. Press Ctrl+C to shut down.
[40m[32minfo[39m[22m[49m: Microsoft.Hosting.Lifetime[0]
      Hosting environment: Production
[40m[32minfo[39m[22m[49m: Microsoft.Hosting.Lifetime[0]
      Content root path: /home/ubuntu/workspace/attacke/
[40m[32minfo[39m[22m[49m: Microsoft.AspNetCore.Hosting.Diagnostics[1]
      Request starting HTTP/2 POST http://ilpp/UnityILPP.PostProcessing/Ping application/grpc -
[40m[32minfo[39m[22m[49m: Microsoft.AspNetCore.Routing.EndpointMiddleware[0]
      Executing endpoint 'gRPC - /UnityILPP.PostProcessing/Ping'
[40m[32minfo[39m[22m[49m: Microsoft.AspNetCore.Routing.EndpointMiddleware[1]
      Executed endpoint 'gRPC - /UnityILPP.PostProcessing/Ping'
[40m[32minfo[39m[22m[49m: Microsoft.AspNetCore.Hosting.Diagnostics[2]
      Request finished HTTP/2 POST http://ilpp/UnityILPP.PostProcessing/Ping application/grpc - - 200 - application/grpc 41.9438ms
Starting: /opt/unity/2022.3.30f1/Data/bee_backend --dont-print-to-structured-log --ipc --defer-dag-verification --dagfile="Library/Bee/2400b0aE.dag" --continue-on-failure --profile="Library/Bee/backend1.traceevents" ScriptAssemblies
WorkingDir: /home/ubuntu/workspace/attacke
DisplayProgressbar: Compiling Scripts
[40m[32minfo[39m[22m[49m: Microsoft.AspNetCore.Hosting.Diagnostics[1]
      Request starting HTTP/2 POST http://ilpp/UnityILPP.PostProcessing/ConfigurePostProcessors application/grpc -
[40m[32minfo[39m[22m[49m: Microsoft.AspNetCore.Routing.EndpointMiddleware[0]
      Executing endpoint 'gRPC - /UnityILPP.PostProcessing/ConfigurePostProcessors'
[40m[1m[33mwarn[39m[22m[49m: Unity.ILPP.Runner.PostProcessingAssemblyLoadContext[0]
      Assembly system.runtime.interopservices.windowsruntime has duplicate hint path. Ignoring "/opt/unity/2022.3.30f1/Data/UnityReferenceAssemblies/unity-4.8-api/Facades/System.Runtime.InteropServices.WindowsRuntime.dll" in favor of "/opt/unity/2022.3.30f1/Data/NetStandard/Extensions/2.0.0/System.Runtime.InteropServices.WindowsRuntime.dll"
[40m[1m[33mwarn[39m[22m[49m: Unity.ILPP.Runner.PostProcessingAssemblyLoadContext[0]
      Assembly system.componentmodel.composition has duplicate hint path. Ignoring "/opt/unity/2022.3.30f1/Data/UnityReferenceAssemblies/unity-4.8-api/System.ComponentModel.Composition.dll" in favor of "/opt/unity/2022.3.30f1/Data/NetStandard/compat/2.1.0/shims/netfx/System.ComponentModel.Composition.dll"
[40m[32minfo[39m[22m[49m: Unity.ILPP.Runner.PostProcessingAssemblyLoadContext[0]
      Resolved Unity.Burst.Cecil, Version=0.11.4.0, Culture=neutral, PublicKeyToken=50cebf1cceb9d05e with Library/PackageCache/com.unity.burst@1.8.13/Unity.Burst.CodeGen/Unity.Burst.Cecil.dll
[40m[32minfo[39m[22m[49m: Microsoft.AspNetCore.Routing.EndpointMiddleware[1]
      Executed endpoint 'gRPC - /UnityILPP.PostProcessing/ConfigurePostProcessors'
[40m[32minfo[39m[22m[49m: Microsoft.AspNetCore.Hosting.Diagnostics[2]
      Request finished HTTP/2 POST http://ilpp/UnityILPP.PostProcessing/ConfigurePostProcessors application/grpc - - 200 - application/grpc 26.1695ms
ExitCode: 0 Duration: 1s553ms
[464/603    0s] ILPP-Configuration Library/ilpp-configuration.nevergeneratedoutput
*** Tundra build success (1.53 seconds), 1 items updated, 603 evaluated
Total cache size 19487968
Total cache size after purge 19487968
AssetDatabase: script compilation time: 2.312206s
Begin MonoManager ReloadAssembly
- Loaded All Assemblies, in  0.479 seconds
Refreshing native plugins compatible for Editor in 1.20 ms, found 1 plugins.
Preloading 0 native plugins for Editor in 0.00 ms.
Refreshing native plugins compatible for Editor in 1.22 ms, found 1 plugins.
Native extension for LinuxStandalone target not found
Native extension for Android target not found
Mono: successfully reloaded assembly
- Finished resetting the current domain, in  2.092 seconds
Domain Reload Profiling: 2571ms
	BeginReloadAssembly (112ms)
		ExecutionOrderSort (0ms)
		DisableScriptedObjects (4ms)
		BackupInstance (0ms)
		ReleaseScriptingObjects (0ms)
		CreateAndSetChildDomain (32ms)
	RebuildCommonClasses (26ms)
	RebuildNativeTypeToScriptingClass (5ms)
	initialDomainReloadingComplete (24ms)
	LoadAllAssembliesAndSetupDomain (311ms)
		LoadAssemblies (220ms)
		RebuildTransferFunctionScriptingTraits (0ms)
		AnalyzeDomain (143ms)
			TypeCache.Refresh (120ms)
				TypeCache.ScanAssembly (106ms)
			ScanForSourceGeneratedMonoScriptInfo (18ms)
			ResolveRequiredComponents (4ms)
	FinalizeReload (2093ms)
		ReleaseScriptCaches (0ms)
		RebuildScriptCaches (0ms)
		SetupLoadedEditorAssemblies (1945ms)
			LogAssemblyErrors (0ms)
			InitializePlatformSupportModulesInManaged (18ms)
			SetLoadedEditorAssemblies (3ms)
			RefreshPlugins (0ms)
			BeforeProcessingInitializeOnLoad (45ms)
			ProcessInitializeOnLoadAttributes (1756ms)
			ProcessInitializeOnLoadMethodAttributes (119ms)
			AfterProcessingInitializeOnLoad (3ms)
			EditorAssembliesLoaded (0ms)
		ExecutionOrderSort2 (0ms)
		AwakeInstancesAfterBackupRestoration (4ms)
Asset Pipeline Refresh (id=f5d6a1c6ad25b71c6af940157cf3a9a4): Total: 5.879 seconds - Initiated by InitialRefreshV2(ForceSynchronousImport)
	Summary:
		Imports: total=0 (actual=0, local cache=0, cache server=0)
		Asset DB Process Time: managed=0 ms, native=887 ms
		Asset DB Callback time: managed=38 ms, native=0 ms
		Scripting: domain reloads=1, domain reload time=2613 ms, compile time=2312 ms, other=27 ms
		Project Asset Count: scripts=5074, non-scripts=1420
		Asset File Changes: new=0, changed=0, moved=0, deleted=0
		Scan Filter Count: 1
	InvokeBeforeRefreshCallbacks: 0.132ms
	ApplyChangesToAssetFolders: 0.084ms
	Scan: 237.883ms
	OnSourceAssetsModified: 0.004ms
	GetAllGuidsForCategorization: 0.740ms
	CategorizeAssets: 168.945ms
	ImportOutOfDateAssets: 2127.595ms (-206.102ms without children)
		CompileScripts: 2312.296ms
		ReloadNativeAssets: 0.001ms
		UnloadImportedAssets: 16.328ms
		EnsureUptoDateAssetsAreRegisteredWithGuidPM: 2.992ms
		InitializingProgressBar: 0.000ms
		PostProcessAllAssetNotificationsAddChangedAssets: 0.000ms
		OnDemandSchedulerStart: 2.079ms
	PostProcessAllAssets: 38.496ms
	GatherAllCurrentPrimaryArtifactRevisions: 0.001ms
	UnloadStreamsBegin: 1.205ms
	PersistCurrentRevisions: 0.387ms
	UnloadStreamsEnd: 0.044ms
	GenerateScriptTypeHashes: 0.796ms
	Untracked: 3303.890ms
Application.AssetDatabase Initial Refresh End
Scanning for USB devices : 0.112ms
Initializing Unity extensions:
[Licensing::Client] Successfully resolved entitlements
UpdateMenuTitleForLanguage: 10
[MODES] ModeService[none].Initialize
[MODES] ModeService[none].LoadModes
[MODES] Loading mode Default (0) for mode-current-id-My project
ProgressiveSceneManager::Cancel()
Unloading 9 Unused Serialized files (Serialized files now loaded: 0)
Unloading 85 unused Assets / (0.5 MB). Loaded Objects now: 4718.
Memory consumption went from 114.1 MB to 113.6 MB.
Total: 6.481967 ms (FindLiveObjects: 0.402566 ms CreateObjectMapping: 0.354476 ms MarkObjects: 5.128832 ms  DeleteObjects: 0.594435 ms)

Batchmode quit successfully invoked - shutting down!
Curl error 42: Callback aborted
[Licensing::IpcConnector] License Notification channel disconnected successfully.
[Licensing::IpcConnector] License Client channel disconnected successfully.
[40m[32minfo[39m[22m[49m: Microsoft.Hosting.Lifetime[0]
      Application is shutting down...
[40m[32minfo[39m[22m[49m: Unity.ILPP.Runner.PostProcessingAssemblyLoadContext[0]
      ALC ILPP context 1 is unloading
Cleanup mono
debugger-agent: Unable to listen on 45
[Performance] Application.InitializeProject                                                                                  :        1 samples, Peak.  7.82 s (1.0x), Avg.  7.82 s, Total. 7.816 s (53.0%)
[Performance] Application.PackageManager.StartServer                                                                         :        1 samples, Peak.  2.20 ms (1.0x), Avg.  2.20 ms, Total. 2.199 ms (0.0%)
[Performance] Application.AcquireProjectLock                                                                                 :        1 samples, Peak.   535 us (1.0x), Avg.   535 us, Total. 535.3 us (0.0%)
[Performance] Application.InitializeEngineNoGraphics                                                                         :        1 samples, Peak.   288 ms (1.0x), Avg.   288 ms, Total. 288.3 ms (2.0%)
[Performance] Application.PackageManager.Initialize                                                                          :        1 samples, Peak.   456 ms (1.0x), Avg.   456 ms, Total. 456.3 ms (3.1%)
[Performance] Connecting to Package Manager                                                                                  :       44 samples, Peak.  33.4 us (12.1x), Avg.  2.75 us, Total. 121.0 us (0.0%)
[Performance] Application.EngineGraphics.Initialize                                                                          :        1 samples, Peak.  24.8 ms (1.0x), Avg.  24.8 ms, Total. 24.79 ms (0.2%)
[Performance] Application.GI.Initialize                                                                                      :        1 samples, Peak.  3.29 ms (1.0x), Avg.  3.29 ms, Total. 3.286 ms (0.0%)
[Performance] Application.LoadAllDefaultResourcesFromEditor                                                                  :        1 samples, Peak.  2.63 ms (1.0x), Avg.  2.63 ms, Total. 2.629 ms (0.0%)
[Performance] Application.LoadMonoAssemblies                                                                                 :        1 samples, Peak.   863 ms (1.0x), Avg.   863 ms, Total. 863.5 ms (5.9%)
[Performance] RestoreManagedReferences                                                                                       :        2 samples, Peak.  38.8 ms (2.0x), Avg.  19.4 ms, Total. 38.77 ms (0.3%)
[Performance] EditorResources.Load                                                                                           :        4 samples, Peak.  26.1 ms (4.0x), Avg.  6.59 ms, Total. 26.36 ms (0.2%)
[Performance] InitializeOnLoad AssetStoreContext                                                                             :        2 samples, Peak.  18.8 ms (1.4x), Avg.  13.5 ms, Total. 26.94 ms (0.2%)
[Performance] InitializeOnLoad NativeFormatImporterUtility                                                                   :        2 samples, Peak.  3.09 ms (1.3x), Avg.  2.33 ms, Total. 4.657 ms (0.0%)
[Performance] InitializeOnLoad UISystemProfilerRenderService                                                                 :        2 samples, Peak.  21.0 us (1.3x), Avg.  16.0 us, Total. 31.93 us (0.0%)
[Performance] InitializeOnLoad AddComponentWindow                                                                            :        2 samples, Peak.   147 us (1.2x), Avg.   126 us, Total. 252.7 us (0.0%)
[Performance] InitializeOnLoad ManagedDebuggerWindow                                                                         :        2 samples, Peak.   870 us (1.2x), Avg.   717 us, Total. 1.434 ms (0.0%)
[Performance] InitializeOnLoad CloudBuild                                                                                    :        2 samples, Peak.  6.15 us (1.2x), Avg.  5.33 us, Total. 10.66 us (0.0%)
[Performance] InitializeOnLoad ProjectSearch                                                                                 :        2 samples, Peak.  63.4 us (1.0x), Avg.  62.9 us, Total. 125.7 us (0.0%)
[Performance] InitializeOnLoad MixerEffectDefinitionReloader                                                                 :        2 samples, Peak.  5.95 ms (1.5x), Avg.  3.89 ms, Total. 7.773 ms (0.1%)
[Performance] InitializeOnLoad MenuItems                                                                                     :        2 samples, Peak.   399 us (1.2x), Avg.   320 us, Total. 639.3 us (0.0%)
[Performance] InitializeOnLoad EditMode                                                                                      :        2 samples, Peak.   519 us (1.3x), Avg.   400 us, Total. 800.0 us (0.0%)
[Performance] InitializeOnLoad ManagedDebugger                                                                               :        2 samples, Peak.  1.31 us (1.5x), Avg.   874 ns, Total. 1.747 us (0.0%)
[Performance] InitializeOnLoad UnityConnect                                                                                  :        2 samples, Peak.  65.4 us (1.2x), Avg.  52.7 us, Total. 105.3 us (0.0%)
[Performance] InitializeOnLoad SettingsService                                                                               :        2 samples, Peak.  9.07 us (1.0x), Avg.  8.66 us, Total. 17.33 us (0.0%)
[Performance] InitializeOnLoad DrivenRectTransformUndo                                                                       :        2 samples, Peak.   302 us (1.2x), Avg.   246 us, Total. 491.3 us (0.0%)
[Performance] InitializeOnLoad PrefabInstanceChangedListener                                                                 :        2 samples, Peak.   158 us (1.2x), Avg.   128 us, Total. 257.0 us (0.0%)
[Performance] InitializeOnLoad SceneSearch                                                                                   :        2 samples, Peak.   101 us (1.4x), Avg.  72.8 us, Total. 145.5 us (0.0%)
[Performance] InitializeOnLoad PlayModeDownload                                                                              :        2 samples, Peak.  1.78 ms (1.9x), Avg.   949 us, Total. 1.898 ms (0.0%)
[Performance] InitializeOnLoad ShortcutIntegration                                                                           :        2 samples, Peak.  95.5 us (1.4x), Avg.  68.2 us, Total. 136.5 us (0.0%)
[Performance] InitializeOnLoad SearchService                                                                                 :        2 samples, Peak.   142 us (1.2x), Avg.   115 us, Total. 229.3 us (0.0%)
[Performance] InitializeOnLoad ObjectSelectorSearch                                                                          :        2 samples, Peak.  56.0 us (1.3x), Avg.  43.5 us, Total. 87.01 us (0.0%)
[Performance] InitializeOnLoad CacheServerWindow                                                                             :        2 samples, Peak.  12.8 us (1.1x), Avg.  12.1 us, Total. 24.19 us (0.0%)
[Performance] InitializeOnLoad WindowLayout                                                                                  :        2 samples, Peak.  42.1 us (1.3x), Avg.  33.4 us, Total. 66.89 us (0.0%)
[Performance] InitializeOnLoad EditorMonitor                                                                                 :        2 samples, Peak.   593 us (1.0x), Avg.   585 us, Total. 1.170 ms (0.0%)
[Performance] InitializeOnLoad RetainedMode                                                                                  :        2 samples, Peak.  2.70 ms (1.2x), Avg.  2.22 ms, Total. 4.435 ms (0.0%)
[Performance] InitializeOnLoad EditorShaderLoader                                                                            :        2 samples, Peak.   949 us (1.3x), Avg.   741 us, Total. 1.483 ms (0.0%)
[Performance] InitializeOnLoad EditorDelegateRegistration                                                                    :        2 samples, Peak.   571 us (1.1x), Avg.   512 us, Total. 1.023 ms (0.0%)
[Performance] InitializeOnLoad UIDocumentHierarchyWatcher                                                                    :        2 samples, Peak.   103 us (1.3x), Avg.  80.2 us, Total. 160.3 us (0.0%)
[Performance] InitializeOnLoad LiveReloadTrackerCreator                                                                      :        2 samples, Peak.   180 us (1.1x), Avg.   165 us, Total. 329.5 us (0.0%)
[Performance] InitializeOnLoad UxmlObjectEditorFactories                                                                     :        2 samples, Peak.   591 us (1.2x), Avg.   510 us, Total. 1.020 ms (0.0%)
[Performance] InitializeOnLoad UXMLEditorFactories                                                                           :        2 samples, Peak.  84.0 ms (1.3x), Avg.  66.9 ms, Total. 133.8 ms (0.9%)
[Performance] InitializeOnLoad BuildService                                                                                  :        2 samples, Peak.  7.47 ms (1.3x), Avg.  5.83 ms, Total. 11.65 ms (0.1%)
[Performance] InitializeOnLoad AdsService                                                                                    :        2 samples, Peak.  6.35 ms (1.4x), Avg.  4.57 ms, Total. 9.150 ms (0.1%)
[Performance] InitializeOnLoad UDPService                                                                                    :        2 samples, Peak.  5.22 ms (1.0x), Avg.  5.03 ms, Total. 10.05 ms (0.1%)
[Performance] InitializeOnLoad EditorGameServicesAnalytics                                                                   :        2 samples, Peak.  2.26 ms (1.5x), Avg.  1.53 ms, Total. 3.062 ms (0.0%)
[Performance] InitializeOnLoad ServicesRepository                                                                            :        2 samples, Peak.  1.25 us (1.3x), Avg.   966 ns, Total. 1.932 us (0.0%)
[Performance] InitializeOnLoad CrashService                                                                                  :        2 samples, Peak.  4.88 ms (1.3x), Avg.  3.68 ms, Total. 7.366 ms (0.0%)
[Performance] InitializeOnLoad PurchasingService                                                                             :        2 samples, Peak.  11.6 ms (1.2x), Avg.  9.86 ms, Total. 19.73 ms (0.1%)
[Performance] InitializeOnLoad AnalyticsService                                                                              :        2 samples, Peak.  5.26 ms (1.4x), Avg.  3.87 ms, Total. 7.750 ms (0.1%)
[Performance] InitializeOnLoad CloudBuildPoller                                                                              :        2 samples, Peak.   187 us (1.2x), Avg.   150 us, Total. 300.1 us (0.0%)
[Performance] InitializeOnLoad SearchWindow                                                                                  :        2 samples, Peak.   156 us (1.0x), Avg.   156 us, Total. 312.7 us (0.0%)
[Performance] InitializeOnLoad SearchMonitor                                                                                 :        2 samples, Peak.  3.04 ms (1.2x), Avg.  2.61 ms, Total. 5.212 ms (0.0%)
[Performance] InitializeOnLoad CustomIndexers                                                                                :        2 samples, Peak.  17.0 ms (1.3x), Avg.  13.3 ms, Total. 26.68 ms (0.2%)
[Performance] InitializeOnLoad ParameterControllerEditor                                                                     :        2 samples, Peak.  27.2 us (1.3x), Avg.  21.4 us, Total. 42.71 us (0.0%)
[Performance] InitializeOnLoad LayerSettingsWindow                                                                           :        2 samples, Peak.   631 us (1.9x), Avg.   328 us, Total. 656.9 us (0.0%)
[Performance] InitializeOnLoad PackageManagerHookGUIDConverter.RegisterPackagesEventHandler                                  :        2 samples, Peak.  1.08 ms (1.7x), Avg.   620 us, Total. 1.240 ms (0.0%)
[Performance] InitializeOnLoad EditorDragAndDrop.RegisterEditorClient                                                        :        2 samples, Peak.   300 us (1.1x), Avg.   283 us, Total. 566.7 us (0.0%)
[Performance] InitializeOnLoad EditorEventCallbacks.InitializeFontAssetResourceChangeCallBacks                               :        2 samples, Peak.  1.64 ms (1.1x), Avg.  1.54 ms, Total. 3.074 ms (0.0%)
[Performance] InitializeOnLoad SceneTemplateService.Init                                                                     :        2 samples, Peak.  1.59 ms (1.1x), Avg.  1.49 ms, Total. 2.981 ms (0.0%)
[Performance] InitializeOnLoad DiagnosticSwitchesConsoleMessage.Init                                                         :        2 samples, Peak.  5.00 ms (1.7x), Avg.  2.97 ms, Total. 5.932 ms (0.0%)
[Performance] InitializeOnLoad SceneViewMotion.RegisterShortcutContexts                                                      :        2 samples, Peak.   224 us (1.1x), Avg.   213 us, Total. 425.4 us (0.0%)
[Performance] InitializeOnLoad ToolShortcutContext.Init                                                                      :        2 samples, Peak.   149 us (1.0x), Avg.   149 us, Total. 298.1 us (0.0%)
[Performance] InitializeOnLoad SysrootManager.Initialize                                                                     :        2 samples, Peak.  17.3 us (1.0x), Avg.  16.7 us, Total. 33.46 us (0.0%)
[Performance] InitializeOnLoad RectSelection.RegisterShortcutContext                                                         :        2 samples, Peak.   226 us (1.0x), Avg.   216 us, Total. 432.2 us (0.0%)
[Performance] InitializeOnLoad EditorWindow.Initialize                                                                       :        2 samples, Peak.   265 us (1.1x), Avg.   250 us, Total. 500.8 us (0.0%)
[Performance] InitializeOnLoad AssetPostprocessingInternal.RefreshCustomDependencies                                         :        2 samples, Peak.  5.18 ms (1.2x), Avg.  4.36 ms, Total. 8.711 ms (0.1%)
[Performance] InitializeOnLoad SceneVisibilityManager.Initialize                                                             :        2 samples, Peak.  8.80 ms (1.8x), Avg.  4.98 ms, Total. 9.963 ms (0.1%)
[Performance] InitializeOnLoad ScopedRegistryAddedPopup.SubscribeToRegistriesAdded                                           :        2 samples, Peak.  33.0 ms (1.6x), Avg.  21.0 ms, Total. 42.01 ms (0.3%)
[Performance] InitializeOnLoad MemoryProfilerCompilationGuard.InjectCompileGuard                                             :        2 samples, Peak.   174 us (1.3x), Avg.   133 us, Total. 266.1 us (0.0%)
[Performance] InitializeOnLoad PackageManagerWindow.EditorInitializedInSafeMode                                              :        2 samples, Peak.   222 us (1.2x), Avg.   188 us, Total. 376.8 us (0.0%)
[Performance] AssemblyReloadEvents.afterAssemblyReload: UnityEditor.SceneTemplate.SceneTemplateService.AfterAssemblyReload   :        2 samples, Peak.  4.40 ms (1.8x), Avg.  2.41 ms, Total. 4.819 ms (0.0%)
[Performance] ProcessService.EditorAfterLoadAllAssemblies                                                                    :        2 samples, Peak.   501 us (1.2x), Avg.   428 us, Total. 855.7 us (0.0%)
[Performance] Application.ReadLicenseInfo                                                                                    :        1 samples, Peak.  12.9 ms (1.0x), Avg.  12.9 ms, Total. 12.91 ms (0.1%)
[Performance] Application.InitialRefresh                                                                                     :        1 samples, Peak.  5.88 s (1.0x), Avg.  5.88 s, Total. 5.882 s (39.9%)
[Performance] Compiling Scripts                                                                                              :        1 samples, Peak.  2.31 s (1.0x), Avg.  2.31 s, Total. 2.312 s (15.7%)
[Performance] AssemblyReloadEvents.beforeAssemblyReload: UnityEditor.SceneTemplate.SceneTemplateService.BeforeAssemblyReload :        1 samples, Peak.   409 us (1.0x), Avg.   409 us, Total. 409.2 us (0.0%)
[Performance] InitializeOnLoad BurstLoader                                                                                   :        1 samples, Peak.  1.44 s (1.0x), Avg.  1.44 s, Total. 1.444 s (9.8%)
[Performance] InitializeOnLoad BackgroundWatcher                                                                             :        1 samples, Peak.   182 us (1.0x), Avg.   182 us, Total. 181.9 us (0.0%)
[Performance] InitializeOnLoad UnityTestProtocolStarter                                                                      :        1 samples, Peak.   201 us (1.0x), Avg.   201 us, Total. 200.7 us (0.0%)
[Performance] InitializeOnLoad TestStarter                                                                                   :        1 samples, Peak.  4.23 ms (1.0x), Avg.  4.23 ms, Total. 4.227 ms (0.0%)
[Performance] InitializeOnLoad RerunCallbackInitializer                                                                      :        1 samples, Peak.  5.03 ms (1.0x), Avg.  5.03 ms, Total. 5.030 ms (0.0%)
[Performance] InitializeOnLoad EditorToolManager                                                                             :        1 samples, Peak.  9.67 ms (1.0x), Avg.  9.67 ms, Total. 9.669 ms (0.1%)
[Performance] InitializeOnLoad VSUsageUtility                                                                                :        1 samples, Peak.  21.3 ms (1.0x), Avg.  21.3 ms, Total. 21.30 ms (0.1%)
[Performance] InitializeOnLoad VisualStudioEditor                                                                            :        1 samples, Peak.  5.65 ms (1.0x), Avg.  5.65 ms, Total. 5.651 ms (0.0%)
[Performance] InitializeOnLoad VisualStudioIntegration                                                                       :        1 samples, Peak.  48.7 ms (1.0x), Avg.  48.7 ms, Total. 48.72 ms (0.3%)
[Performance] InitializeOnLoad TestRunnerApiListener                                                                         :        1 samples, Peak.   214 us (1.0x), Avg.   214 us, Total. 214.3 us (0.0%)
[Performance] InitializeOnLoad PrefabLayoutRebuilder                                                                         :        1 samples, Peak.   234 us (1.0x), Avg.   234 us, Total. 233.6 us (0.0%)
[Performance] InitializeOnLoad SpriteSkinCompositeStartup                                                                    :        1 samples, Peak.  12.4 ms (1.0x), Avg.  12.4 ms, Total. 12.36 ms (0.1%)
[Performance] InitializeOnLoad RiderScriptEditor                                                                             :        1 samples, Peak.  3.46 ms (1.0x), Avg.  3.46 ms, Total. 3.457 ms (0.0%)
[Performance] InitializeOnLoad CallbackInitializer                                                                           :        1 samples, Peak.  1.71 ms (1.0x), Avg.  1.71 ms, Total. 1.713 ms (0.0%)
[Performance] InitializeOnLoad SpriteEditorWindow                                                                            :        1 samples, Peak.   370 us (1.0x), Avg.   370 us, Total. 370.0 us (0.0%)
[Performance] InitializeOnLoad PackageEntryPoint                                                                             :        1 samples, Peak.  58.2 ms (1.0x), Avg.  58.2 ms, Total. 58.24 ms (0.4%)
[Performance] InitializeOnLoad UnityInternalsInjector                                                                        :        1 samples, Peak.   804 us (1.0x), Avg.   804 us, Total. 803.9 us (0.0%)
[Performance] InitializeOnLoad UVCSToolbarBoostrap                                                                           :        1 samples, Peak.  12.8 ms (1.0x), Avg.  12.8 ms, Total. 12.75 ms (0.1%)
[Performance] InitializeOnLoad UnityAnalyticsStorage                                                                         :        1 samples, Peak.   269 us (1.0x), Avg.   269 us, Total. 268.7 us (0.0%)
[Performance] InitializeOnLoad BoneGizmoInitializer                                                                          :        1 samples, Peak.  3.50 ms (1.0x), Avg.  3.50 ms, Total. 3.498 ms (0.0%)
[Performance] InitializeOnLoad Analytics                                                                                     :        1 samples, Peak.   209 us (1.0x), Avg.   209 us, Total. 208.7 us (0.0%)
[Performance] InitializeOnLoad BackgroundImport                                                                              :        1 samples, Peak.   120 us (1.0x), Avg.   120 us, Total. 119.9 us (0.0%)
[Performance] InitializeOnLoad SceneDragAndDrop                                                                              :        1 samples, Peak.   148 us (1.0x), Avg.   148 us, Total. 147.8 us (0.0%)
[Performance] InitializeOnLoad SpriteShapeUpdateCache                                                                        :        1 samples, Peak.   469 us (1.0x), Avg.   469 us, Total. 468.5 us (0.0%)
[Performance] InitializeOnLoad SpriteShapeUnityAnalyticsStorage                                                              :        1 samples, Peak.  15.5 us (1.0x), Avg.  15.5 us, Total. 15.46 us (0.0%)
[Performance] InitializeOnLoad IKEditorManager.CreateInstance                                                                :        1 samples, Peak.  2.82 ms (1.0x), Avg.  2.82 ms, Total. 2.824 ms (0.0%)
[Performance] InitializeOnLoad $BurstDirectCallInitializer.Initialize                                                        :        7 samples, Peak.  45.7 ms (4.4x), Avg.  10.5 ms, Total. 73.29 ms (0.5%)
[Performance] InitializeOnLoad SceneViewGridManager.Initialize                                                               :        1 samples, Peak.  6.62 ms (1.0x), Avg.  6.62 ms, Total. 6.620 ms (0.0%)
[Performance] InitializeOnLoad TilemapPrefabStageHelper.Initialize                                                           :        1 samples, Peak.  2.84 ms (1.0x), Avg.  2.84 ms, Total. 2.845 ms (0.0%)
[Performance] InitializeOnLoad SceneViewOpenTilePaletteHelper.Initialize                                                     :        1 samples, Peak.  2.13 ms (1.0x), Avg.  2.13 ms, Total. 2.129 ms (0.0%)
[Performance] InitializeOnLoad TileDragAndDropManager.Initialize                                                             :        1 samples, Peak.  1.89 ms (1.0x), Avg.  1.89 ms, Total. 1.885 ms (0.0%)
[Performance] InitializeOnLoad BackgroundImport.Setup                                                                        :        1 samples, Peak.  2.10 ms (1.0x), Avg.  2.10 ms, Total. 2.095 ms (0.0%)
[Performance] InitializeOnLoad TestJobDataHolder.ResumeRunningJobs                                                           :        1 samples, Peak.  2.20 ms (1.0x), Avg.  2.20 ms, Total. 2.204 ms (0.0%)
[Performance] InitializeOnLoad AnalyticsReporter.RegisterCallbacks                                                           :        1 samples, Peak.  1.27 ms (1.0x), Avg.  1.27 ms, Total. 1.270 ms (0.0%)
[Performance] InitializeOnLoad VisualStudioEditor.LegacyVisualStudioCodePackageDisabler                                      :        1 samples, Peak.  1.85 ms (1.0x), Avg.  1.85 ms, Total. 1.845 ms (0.0%)
[Performance] DidReloadScriptsTestRunnerWindow.CompilationCallback                                                           :        1 samples, Peak.  1.09 ms (1.0x), Avg.  1.09 ms, Total. 1.095 ms (0.0%)
[Performance] DidReloadScriptsTestListCache.ScriptReloaded                                                                   :        1 samples, Peak.  6.84 ms (1.0x), Avg.  6.84 ms, Total. 6.844 ms (0.0%)
[Performance] DidReloadScriptsAdvancedDropdownWindow.OnScriptReload                                                          :        1 samples, Peak.   319 us (1.0x), Avg.   319 us, Total. 318.6 us (0.0%)
[Performance] AssemblyReloadEvents.afterAssemblyReload: UnityEditor.U2D.Animation.BoneGizmo.OnAfterAssemblyReload            :        1 samples, Peak.   953 us (1.0x), Avg.   953 us, Total. 953.4 us (0.0%)
[Performance] SyncVS.PostprocessSyncProject                                                                                  :        1 samples, Peak.   374 us (1.0x), Avg.   374 us, Total. 374.1 us (0.0%)
[Performance] Application.ImportPackagesAndSetTemplateWhenCreatingProject                                                    :        1 samples, Peak.  14.6 ms (1.0x), Avg.  14.6 ms, Total. 14.56 ms (0.1%)
[Performance] Application.SyncCurrentColorSpace                                                                              :        1 samples, Peak.  4.88 ms (1.0x), Avg.  4.88 ms, Total. 4.881 ms (0.0%)
[Performance] Application.OnUsbDevicesChanged                                                                                :        1 samples, Peak.   205 us (1.0x), Avg.   205 us, Total. 204.8 us (0.0%)
[Performance] Application.AssetInstanceCacheUpdate                                                                           :        1 samples, Peak.   276 ns (1.0x), Avg.   276 ns, Total. 276.0 ns (0.0%)
[Performance] Application.UnityExtensions.Initialize                                                                         :        1 samples, Peak.  7.33 ms (1.0x), Avg.  7.33 ms, Total. 7.332 ms (0.0%)
[Performance] CodeEditorProjectSync.SyncEditorProject                                                                        :        1 samples, Peak.   162 us (1.0x), Avg.   162 us, Total. 161.5 us (0.0%)
[Performance] Application.ExecuteStartups                                                                                    :        1 samples, Peak.  29.2 ms (1.0x), Avg.  29.2 ms, Total. 29.17 ms (0.2%)
[Performance] Menu.RegisterMenuInterface                                                                                     :       26 samples, Peak.  1.24 us (5.1x), Avg.   245 ns, Total. 6.370 us (0.0%)
[Performance] Gizmo.RebuildRenderers                                                                                         :        1 samples, Peak.  27.9 ms (1.0x), Avg.  27.9 ms, Total. 27.88 ms (0.2%)
[Performance] Gizmo.AddGizmoRenderers                                                                                        :       89 samples, Peak.  1.88 ms (50.1x), Avg.  37.5 us, Total. 3.335 ms (0.0%)
[Performance] Application.editorInitializingProject                                                                          :        1 samples, Peak.  15.2 ms (1.0x), Avg.  15.2 ms, Total. 15.20 ms (0.1%)
[Performance] Application.InitializeMenu                                                                                     :        1 samples, Peak.   208 ms (1.0x), Avg.   208 ms, Total. 208.4 ms (1.4%)
[Performance] Menu.RebuildAll                                                                                                :        1 samples, Peak.   208 ms (1.0x), Avg.   208 ms, Total. 208.4 ms (1.4%)
[Performance] Menu.BuildRegisteredMenuInterfaces                                                                             :        1 samples, Peak.   208 ms (1.0x), Avg.   208 ms, Total. 207.7 ms (1.4%)
[Performance] Menu.FilterMenuItem                                                                                            :      612 samples, Peak.  67.0 ms (324.4x), Avg.   206 us, Total. 126.3 ms (0.9%)
[Performance] UpdateAllMenus                                                                                                 :        1 samples, Peak.   638 us (1.0x), Avg.   638 us, Total. 637.5 us (0.0%)
[Performance] EditorSceneManager.sceneClosing: UnityEditor.SceneVisibilityManager.EditorSceneManagerOnSceneClosing           :        1 samples, Peak.   320 us (1.0x), Avg.   320 us, Total. 319.8 us (0.0%)
[Performance] GUIView.RepaintAll.PlayerLoopController                                                                        :        1 samples, Peak.  1.00 us (1.0x), Avg.  1.00 us, Total. 1.002 us (0.0%)
[Performance] EditorSceneManager.newSceneCreated: UnityEditor.SceneTemplate.SceneTemplateService.OnNewSceneCreated           :        1 samples, Peak.   428 us (1.0x), Avg.   428 us, Total. 428.0 us (0.0%)
[Performance] EditorSceneManager.newSceneCreated: UnityEditor.SceneVisibilityManager.EditorSceneManagerOnNewSceneCreated     :        1 samples, Peak.   238 us (1.0x), Avg.   238 us, Total. 238.0 us (0.0%)
[Performance] EditorSceneManager.newSceneCreated: UnityEditor.SceneManagement.StageNavigationManager.OnNewSceneCreated       :        1 samples, Peak.  62.7 us (1.0x), Avg.  62.7 us, Total. 62.71 us (0.0%)
[Performance] Application.InvokeFinishedLoadingProject                                                                       :        1 samples, Peak.  11.6 ms (1.0x), Avg.  11.6 ms, Total. 11.65 ms (0.1%)
[Performance] ProcessService.OnProjectLoaded                                                                                 :        1 samples, Peak.  74.7 us (1.0x), Avg.  74.7 us, Total. 74.71 us (0.0%)
[Performance] VersionControl.Task.Wait                                                                                       :        1 samples, Peak.  7.53 us (1.0x), Avg.  7.53 us, Total. 7.529 us (0.0%)
[Performance] EditorApplication.quitting: Unity.Burst.Editor.BurstLoader.OnEditorApplicationQuitting                         :        1 samples, Peak.  36.3 us (1.0x), Avg.  36.3 us, Total. 36.35 us (0.0%)
[Performance] EditorApplication.quitting: UnityEditor.Tilemaps.SceneViewGridManager.EditorQuitting                           :        1 samples, Peak.  83.0 us (1.0x), Avg.  83.0 us, Total. 82.96 us (0.0%)
[Performance] EditorApplication.quitting: callback in UnityEditor.TextCore.Text.EditorEventCallbacks                         :        1 samples, Peak.  11.9 ms (1.0x), Avg.  11.9 ms, Total. 11.93 ms (0.1%)
[Performance] Application.Shutdown.PauseProfilerSession                                                                      :        1 samples, Peak.  38.7 us (1.0x), Avg.  38.7 us, Total. 38.71 us (0.0%)
[Performance] Application.Shutdown.PauseAssetImportWorkers                                                                   :        1 samples, Peak.   559 us (1.0x), Avg.   559 us, Total. 559.2 us (0.0%)
[Performance] Application.Shutdown.SaveAssets                                                                                :        1 samples, Peak.  14.8 ms (1.0x), Avg.  14.8 ms, Total. 14.84 ms (0.1%)
[Performance] PaletteAssetModificationProcessor.OnWillSaveAssets                                                             :        1 samples, Peak.  3.55 ms (1.0x), Avg.  3.55 ms, Total. 3.549 ms (0.0%)
[Performance] StateMacroSavedEvent.OnWillSaveAssets                                                                          :        1 samples, Peak.   215 us (1.0x), Avg.   215 us, Total. 215.1 us (0.0%)
[Performance] UnityCloudProjectLinkMonitor.OnWillSaveAssets                                                                  :        1 samples, Peak.   478 us (1.0x), Avg.   478 us, Total. 478.4 us (0.0%)
[Performance] UVCSAssetModificationProcessor.OnWillSaveAssets                                                                :        1 samples, Peak.   308 us (1.0x), Avg.   308 us, Total. 308.3 us (0.0%)
[Performance] FlowMacroSavedEvent.OnWillSaveAssets                                                                           :        1 samples, Peak.   172 us (1.0x), Avg.   172 us, Total. 172.1 us (0.0%)
[Performance] BuilderAssetModificationProcessor.OnWillSaveAssets                                                             :        1 samples, Peak.   724 us (1.0x), Avg.   724 us, Total. 724.3 us (0.0%)
[Performance] TerrainModificationProcessor.OnWillSaveAssets                                                                  :        1 samples, Peak.   777 us (1.0x), Avg.   777 us, Total. 777.0 us (0.0%)
[Performance] AssetDatabase.ImportAssets                                                                                     :        2 samples, Peak.   550 ns (1.8x), Avg.   312 ns, Total. 623.0 ns (0.0%)
[Performance] Application.Shutdown.CleanupRenderPipeline                                                                     :        1 samples, Peak.  6.34 us (1.0x), Avg.  6.34 us, Total. 6.339 us (0.0%)
[Performance] Application.Shutdown.StopPreloadManager                                                                        :        1 samples, Peak.   129 us (1.0x), Avg.   129 us, Total. 128.7 us (0.0%)
[Performance] Application.Shutdown.DestroyWorld                                                                              :        1 samples, Peak.   573 us (1.0x), Avg.   573 us, Total. 573.0 us (0.0%)
[Performance] Application.Shutdown.CleanupAfterLoad                                                                          :        1 samples, Peak.   117 ms (1.0x), Avg.   117 ms, Total. 117.4 ms (0.8%)
[Performance] Application.Shutdown.Progress                                                                                  :        1 samples, Peak.  10.5 us (1.0x), Avg.  10.5 us, Total. 10.48 us (0.0%)
[Performance] Application.Shutdown.GICleanupManagers                                                                         :        1 samples, Peak.  1.80 ms (1.0x), Avg.  1.80 ms, Total. 1.803 ms (0.0%)
[Performance] Application.Shutdown.MenuCleanupClass                                                                          :        1 samples, Peak.   127 us (1.0x), Avg.   127 us, Total. 127.4 us (0.0%)
[Performance] Application.Shutdown.ADBSaveStateBeforeShutdown                                                                :        1 samples, Peak.  13.7 us (1.0x), Avg.  13.7 us, Total. 13.73 us (0.0%)
[Performance] Application.Shutdown.RemoteShutdown                                                                            :        1 samples, Peak.  1.35 us (1.0x), Avg.  1.35 us, Total. 1.351 us (0.0%)
[Performance] Application.Shutdown.CleanupVCProvider                                                                         :        1 samples, Peak.  7.23 us (1.0x), Avg.  7.23 us, Total. 7.234 us (0.0%)
[Performance] Application.Shutdown.InputShutdown                                                                             :        1 samples, Peak.  1.85 us (1.0x), Avg.  1.85 us, Total. 1.847 us (0.0%)
[Performance] Application.Shutdown.GizmoManagerDestroy                                                                       :        1 samples, Peak.   772 us (1.0x), Avg.   772 us, Total. 772.3 us (0.0%)
[Performance] Application.Shutdown.ProfilerSession                                                                           :        1 samples, Peak.   292 us (1.0x), Avg.   292 us, Total. 291.8 us (0.0%)
[Performance] Application.Shutdown.ReleaseGfxWindowOnAllGUIViews                                                             :        1 samples, Peak.   685 ns (1.0x), Avg.   685 ns, Total. 685.0 ns (0.0%)
[Performance] Application.Shutdown.CleanupEngine                                                                             :        1 samples, Peak.  50.9 ms (1.0x), Avg.  50.9 ms, Total. 50.87 ms (0.3%)
[Performance] Application.Shutdown.CleanupAssetDatabase                                                                      :        1 samples, Peak.  7.41 ms (1.0x), Avg.  7.41 ms, Total. 7.409 ms (0.1%)
[Performance] Application.Shutdown.ScriptCompilationCleanUp                                                                  :        1 samples, Peak.  4.20 s (1.0x), Avg.  4.20 s, Total. 4.195 s (28.4%)
[Performance] Application.Shutdown.DestroyJobSystem                                                                          :        1 samples, Peak.   296 us (1.0x), Avg.   296 us, Total. 296.3 us (0.0%)
[Performance] Application.Shutdown.CleanupPersistentManager                                                                  :        1 samples, Peak.  55.3 ms (1.0x), Avg.  55.3 ms, Total. 55.28 ms (0.4%)
[Performance] Application.Shutdown.CleanupAsyncReadManager                                                                   :        1 samples, Peak.  4.19 ms (1.0x), Avg.  4.19 ms, Total. 4.188 ms (0.0%)
[Performance] Application.Shutdown.CleanupMono                                                                               :        1 samples, Peak.  1.73 s (1.0x), Avg.  1.73 s, Total. 1.729 s (11.7%)
[Performance] Application.Shutdown.CleanupStdConverters                                                                      :        1 samples, Peak.  16.7 us (1.0x), Avg.  16.7 us, Total. 16.69 us (0.0%)
[Performance] Application.Shutdown.UnloadAllPlatformSupportModuleNativeDlls                                                  :        1 samples, Peak.  1.86 us (1.0x), Avg.  1.86 us, Total. 1.857 us (0.0%)
[Performance] Application.Shutdown.UnloadAllPlatformSupportNativeLibraries                                                   :        1 samples, Peak.   445 ns (1.0x), Avg.   445 ns, Total. 445.0 ns (0.0%)
[Performance] Application.Shutdown.CleanupAutoDocumentation                                                                  :        1 samples, Peak.   342 us (1.0x), Avg.   342 us, Total. 341.7 us (0.0%)
[Performance] Application.Shutdown.ShaderNameManagerDestroy                                                                  :        1 samples, Peak.  83.3 us (1.0x), Avg.  83.3 us, Total. 83.32 us (0.0%)
[Performance] Application.Shutdown.CleanupCacheServer                                                                        :        1 samples, Peak.   456 ns (1.0x), Avg.   456 ns, Total. 456.0 ns (0.0%)
[Performance] Application.Shutdown.Virtualization_Shutdown                                                                   :        1 samples, Peak.   620 ns (1.0x), Avg.   620 ns, Total. 620.0 ns (0.0%)
[Performance] Application.Shutdown.DevConnections                                                                            :        1 samples, Peak.  76.4 us (1.0x), Avg.  76.4 us, Total. 76.42 us (0.0%)
Exiting batchmode successfully now!
